app/build/intermediates/manifest_merge_blame_file/debug/manifest-merger-blame-debug-report.txt
1<?xml version="1.0" encoding="utf-8"?>
2<manifest xmlns:android="http://schemas.android.com/apk/res/android"
3    package="com.caio.mendes.projetobtmandroid"
4    android:versionCode="1"
5    android:versionName="1.0" >
6
7    <uses-sdk
8        android:minSdkVersion="26"
8-->src\main\AndroidManifest.xml
9        android:targetSdkVersion="31" />
9-->src\main\AndroidManifest.xml
10
11    <uses-permission android:name="android.permission.WAKE_LOCK" />
11-->src\main\AndroidManifest.xml:5:5-68
11-->src\main\AndroidManifest.xml:5:22-65
12    <uses-permission android:name="android.permission.INTERNET" />
12-->src\main\AndroidManifest.xml:6:5-67
12-->src\main\AndroidManifest.xml:6:22-64
13    <uses-permission android:name="android.permission.ACCESS_NETWORK_STATE" />
13-->src\main\AndroidManifest.xml:7:5-79
13-->src\main\AndroidManifest.xml:7:22-76
14    <uses-permission android:name="android.permission.READ_PHONE_STATE" />
14-->src\main\AndroidManifest.xml:8:5-75
14-->src\main\AndroidManifest.xml:8:22-72
15
16    <!-- Required by older versions of Google Play services to create IID tokens -->
17    <uses-permission android:name="com.google.android.c2dm.permission.RECEIVE" />
17-->[com.google.firebase:firebase-iid:17.0.4] AndroidManifest.xml:26:5-82
17-->[com.google.firebase:firebase-iid:17.0.4] AndroidManifest.xml:26:22-79
18
19    <application
19-->src\main\AndroidManifest.xml:10:5-74:19
20        android:allowBackup="true"
20-->src\main\AndroidManifest.xml:11:9-35
21        android:appComponentFactory="androidx.core.app.CoreComponentFactory"
21-->[androidx.core:core:1.7.0] AndroidManifest.xml:24:18-86
22        android:debuggable="true"
23        android:extractNativeLibs="false"
24        android:icon="@mipmap/ic_launcher"
24-->src\main\AndroidManifest.xml:12:9-43
25        android:label="@string/app_name"
25-->src\main\AndroidManifest.xml:13:9-41
26        android:roundIcon="@mipmap/logotipo"
26-->src\main\AndroidManifest.xml:14:9-45
27        android:supportsRtl="true"
27-->src\main\AndroidManifest.xml:15:9-35
28        android:testOnly="true"
29        android:theme="@style/AppTheme" >
29-->src\main\AndroidManifest.xml:16:9-40
30        <activity
30-->src\main\AndroidManifest.xml:17:9-19:40
31            android:name="com.caio.mendes.projetobtmandroid.Activitys.TelaEscolha"
31-->src\main\AndroidManifest.xml:18:13-50
32            android:exported="false" />
32-->src\main\AndroidManifest.xml:19:13-37
33        <activity
33-->src\main\AndroidManifest.xml:20:9-22:40
34            android:name="com.caio.mendes.projetobtmandroid.Activitys.TelaOffSet"
34-->src\main\AndroidManifest.xml:21:13-49
35            android:exported="false" />
35-->src\main\AndroidManifest.xml:22:13-37
36        <activity
36-->src\main\AndroidManifest.xml:23:9-25:40
37            android:name="com.caio.mendes.projetobtmandroid.Activitys.TelaNovaEquipamentos"
37-->src\main\AndroidManifest.xml:24:13-59
38            android:exported="false" />
38-->src\main\AndroidManifest.xml:25:13-37
39        <activity
39-->src\main\AndroidManifest.xml:26:9-28:40
40            android:name="com.caio.mendes.projetobtmandroid.Activitys.TelaEquipamento"
40-->src\main\AndroidManifest.xml:27:13-54
41            android:exported="false" />
41-->src\main\AndroidManifest.xml:28:13-37
42        <activity
42-->src\main\AndroidManifest.xml:29:9-31:40
43            android:name="com.caio.mendes.projetobtmandroid.Activitys.TelaNovoAlarme"
43-->src\main\AndroidManifest.xml:30:13-53
44            android:exported="false" />
44-->src\main\AndroidManifest.xml:31:13-37
45        <activity
45-->src\main\AndroidManifest.xml:32:9-34:40
46            android:name="com.caio.mendes.projetobtmandroid.Activitys.TelaPrincipal"
46-->src\main\AndroidManifest.xml:33:13-52
47            android:exported="false" />
47-->src\main\AndroidManifest.xml:34:13-37
48        <activity android:name="com.caio.mendes.projetobtmandroid.Activitys.TelaTemperatura" />
48-->src\main\AndroidManifest.xml:35:9-63
48-->src\main\AndroidManifest.xml:35:19-60
49        <activity
49-->src\main\AndroidManifest.xml:36:9-38:39
50            android:name="com.caio.mendes.projetobtmandroid.Activitys.TelaDados"
50-->src\main\AndroidManifest.xml:37:13-48
51            android:exported="true" />
51-->src\main\AndroidManifest.xml:38:13-36
52        <activity
52-->src\main\AndroidManifest.xml:39:9-47:20
53            android:name="com.caio.mendes.projetobtmandroid.Activitys.TelaLogin"
53-->src\main\AndroidManifest.xml:40:13-48
54            android:exported="true" >
54-->src\main\AndroidManifest.xml:41:13-36
55            <intent-filter>
55-->src\main\AndroidManifest.xml:42:13-46:29
56                <action android:name="android.intent.action.MAIN" />
56-->src\main\AndroidManifest.xml:43:17-69
56-->src\main\AndroidManifest.xml:43:25-66
57
58                <category android:name="android.intent.category.LAUNCHER" />
58-->src\main\AndroidManifest.xml:45:17-77
58-->src\main\AndroidManifest.xml:45:27-74
59            </intent-filter>
60        </activity>
61
62        <service android:name="org.eclipse.paho.android.service.MqttService" />
62-->src\main\AndroidManifest.xml:49:9-80
62-->src\main\AndroidManifest.xml:49:18-77
63        <service
63-->src\main\AndroidManifest.xml:50:9-56:19
64            android:name="com.caio.mendes.projetobtmandroid.MyFirebaseNotification.MyFirebaseMessagingService"
64-->src\main\AndroidManifest.xml:51:13-78
65            android:exported="false" >
65-->src\main\AndroidManifest.xml:52:13-37
66            <intent-filter>
66-->src\main\AndroidManifest.xml:53:13-55:29
67                <action android:name="com.google.firebase.MESSAGING_EVENT" />
67-->src\main\AndroidManifest.xml:54:17-78
67-->src\main\AndroidManifest.xml:54:25-75
68            </intent-filter>
69        </service>
70        <!--
71        Set custom default icon. This is used when no icon is set for incoming notification messages.
72        See README(https://goo.gl/l4GJaQ) for more.
73        -->
74        <meta-data
74-->src\main\AndroidManifest.xml:61:9-63:51
75            android:name="com.google.firebase.messaging.default_notification_icon"
75-->src\main\AndroidManifest.xml:62:13-83
76            android:resource="@drawable/alerta" />
76-->src\main\AndroidManifest.xml:63:13-48
77        <!--
78 Set color used with incoming notification messages. This is used when no color is set for the incoming
79             notification message. See README(https://goo.gl/6BKBk7) for more.
80        -->
81        <meta-data
81-->src\main\AndroidManifest.xml:68:9-70:67
82            android:name="com.google.firebase.messaging.default_notification_color"
82-->src\main\AndroidManifest.xml:69:13-84
83            android:resource="@color/cardview_light_background" />
83-->src\main\AndroidManifest.xml:70:13-64
84        <meta-data
84-->src\main\AndroidManifest.xml:71:9-73:71
85            android:name="com.google.firebase.messaging.default_notification_channel_id"
85-->src\main\AndroidManifest.xml:72:13-89
86            android:value="@string/default_notification_channel_id" />
86-->src\main\AndroidManifest.xml:73:13-68
87        <!--
88             FirebaseMessagingService performs security checks at runtime,
89             no need for explicit permissions despite exported="true"
90        -->
91        <service
91-->[com.google.firebase:firebase-messaging:17.3.4] AndroidManifest.xml:28:9-34:19
92            android:name="com.google.firebase.messaging.FirebaseMessagingService"
92-->[com.google.firebase:firebase-messaging:17.3.4] AndroidManifest.xml:29:13-82
93            android:exported="true" >
93-->[com.google.firebase:firebase-messaging:17.3.4] AndroidManifest.xml:30:13-36
94            <intent-filter android:priority="-500" >
94-->src\main\AndroidManifest.xml:53:13-55:29
95                <action android:name="com.google.firebase.MESSAGING_EVENT" />
95-->src\main\AndroidManifest.xml:54:17-78
95-->src\main\AndroidManifest.xml:54:25-75
96            </intent-filter>
97        </service>
98        <service
98-->[com.google.firebase:firebase-iid:17.0.4] AndroidManifest.xml:29:9-35:19
99            android:name="com.google.firebase.components.ComponentDiscoveryService"
99-->[com.google.firebase:firebase-iid:17.0.4] AndroidManifest.xml:30:13-84
100            android:exported="false" >
100-->[com.google.firebase:firebase-iid:17.0.4] AndroidManifest.xml:31:13-37
101            <meta-data
101-->[com.google.firebase:firebase-iid:17.0.4] AndroidManifest.xml:32:13-34:85
102                android:name="com.google.firebase.components:com.google.firebase.iid.Registrar"
102-->[com.google.firebase:firebase-iid:17.0.4] AndroidManifest.xml:33:17-96
103                android:value="com.google.firebase.components.ComponentRegistrar" />
103-->[com.google.firebase:firebase-iid:17.0.4] AndroidManifest.xml:34:17-82
104        </service>
105
106        <receiver
106-->[com.google.firebase:firebase-iid:17.0.4] AndroidManifest.xml:37:9-44:20
107            android:name="com.google.firebase.iid.FirebaseInstanceIdReceiver"
107-->[com.google.firebase:firebase-iid:17.0.4] AndroidManifest.xml:38:13-78
108            android:exported="true"
108-->[com.google.firebase:firebase-iid:17.0.4] AndroidManifest.xml:39:13-36
109            android:permission="com.google.android.c2dm.permission.SEND" >
109-->[com.google.firebase:firebase-iid:17.0.4] AndroidManifest.xml:40:13-73
110            <intent-filter>
110-->[com.google.firebase:firebase-iid:17.0.4] AndroidManifest.xml:41:13-43:29
111                <action android:name="com.google.android.c2dm.intent.RECEIVE" />
111-->[com.google.firebase:firebase-iid:17.0.4] AndroidManifest.xml:42:17-81
111-->[com.google.firebase:firebase-iid:17.0.4] AndroidManifest.xml:42:25-78
112            </intent-filter>
113        </receiver>
114        <!--
115             FirebaseInstanceIdService performs security checks at runtime,
116             no need for explicit permissions despite exported="true"
117        -->
118        <service
118-->[com.google.firebase:firebase-iid:17.0.4] AndroidManifest.xml:50:9-56:19
119            android:name="com.google.firebase.iid.FirebaseInstanceIdService"
119-->[com.google.firebase:firebase-iid:17.0.4] AndroidManifest.xml:51:13-77
120            android:exported="true" >
120-->[com.google.firebase:firebase-iid:17.0.4] AndroidManifest.xml:52:13-36
121            <intent-filter android:priority="-500" >
121-->[com.google.firebase:firebase-iid:17.0.4] AndroidManifest.xml:53:13-55:29
121-->[com.google.firebase:firebase-iid:17.0.4] AndroidManifest.xml:53:28-51
122                <action android:name="com.google.firebase.INSTANCE_ID_EVENT" />
122-->[com.google.firebase:firebase-iid:17.0.4] AndroidManifest.xml:54:17-80
122-->[com.google.firebase:firebase-iid:17.0.4] AndroidManifest.xml:54:25-77
123            </intent-filter>
124        </service>
125
126        <provider
126-->[com.google.firebase:firebase-common:16.0.3] AndroidManifest.xml:10:9-14:39
127            android:name="com.google.firebase.provider.FirebaseInitProvider"
127-->[com.google.firebase:firebase-common:16.0.3] AndroidManifest.xml:11:13-77
128            android:authorities="com.caio.mendes.projetobtmandroid.firebaseinitprovider"
128-->[com.google.firebase:firebase-common:16.0.3] AndroidManifest.xml:12:13-72
129            android:exported="false"
129-->[com.google.firebase:firebase-common:16.0.3] AndroidManifest.xml:13:13-37
130            android:initOrder="100" />
130-->[com.google.firebase:firebase-common:16.0.3] AndroidManifest.xml:14:13-36
131
132        <activity
132-->[com.google.android.gms:play-services-base:16.0.1] AndroidManifest.xml:23:9-26:75
133            android:name="com.google.android.gms.common.api.GoogleApiActivity"
133-->[com.google.android.gms:play-services-base:16.0.1] AndroidManifest.xml:24:13-79
134            android:exported="false"
134-->[com.google.android.gms:play-services-base:16.0.1] AndroidManifest.xml:25:13-37
135            android:theme="@android:style/Theme.Translucent.NoTitleBar" />
135-->[com.google.android.gms:play-services-base:16.0.1] AndroidManifest.xml:26:13-72
136
137        <meta-data
137-->[com.google.android.gms:play-services-basement:16.0.1] AndroidManifest.xml:23:9-25:69
138            android:name="com.google.android.gms.version"
138-->[com.google.android.gms:play-services-basement:16.0.1] AndroidManifest.xml:24:13-58
139            android:value="@integer/google_play_services_version" />
139-->[com.google.android.gms:play-services-basement:16.0.1] AndroidManifest.xml:25:13-66
140
141        <provider
141-->[androidx.emoji2:emoji2:1.0.0] AndroidManifest.xml:26:9-34:20
142            android:name="androidx.startup.InitializationProvider"
142-->[androidx.emoji2:emoji2:1.0.0] AndroidManifest.xml:27:13-67
143            android:authorities="com.caio.mendes.projetobtmandroid.androidx-startup"
143-->[androidx.emoji2:emoji2:1.0.0] AndroidManifest.xml:28:13-68
144            android:exported="false" >
144-->[androidx.emoji2:emoji2:1.0.0] AndroidManifest.xml:29:13-37
145            <meta-data
145-->[androidx.emoji2:emoji2:1.0.0] AndroidManifest.xml:31:13-33:52
146                android:name="androidx.emoji2.text.EmojiCompatInitializer"
146-->[androidx.emoji2:emoji2:1.0.0] AndroidManifest.xml:32:17-75
147                android:value="androidx.startup" />
147-->[androidx.emoji2:emoji2:1.0.0] AndroidManifest.xml:33:17-49
148            <meta-data
148-->[androidx.lifecycle:lifecycle-process:2.4.0] AndroidManifest.xml:31:13-33:52
149                android:name="androidx.lifecycle.ProcessLifecycleInitializer"
149-->[androidx.lifecycle:lifecycle-process:2.4.0] AndroidManifest.xml:32:17-78
150                android:value="androidx.startup" />
150-->[androidx.lifecycle:lifecycle-process:2.4.0] AndroidManifest.xml:33:17-49
151        </provider>
152    </application>
153
154</manifest>